{"/Users/utente/Documents/GitHub/lebonprix/src/utils/inventoryManagement.ts": {"path":"/Users/utente/Documents/GitHub/lebonprix/src/utils/inventoryManagement.ts","all":false,"statementMap":{"0":{"start":{"line":1,"column":0},"end":{"line":1,"column":50}},"1":{"start":{"line":2,"column":0},"end":{"line":2,"column":0}},"2":{"start":{"line":3,"column":0},"end":{"line":3,"column":46}},"3":{"start":{"line":4,"column":0},"end":{"line":4,"column":0}},"4":{"start":{"line":5,"column":0},"end":{"line":5,"column":32}},"5":{"start":{"line":6,"column":0},"end":{"line":6,"column":18}},"6":{"start":{"line":7,"column":0},"end":{"line":7,"column":20}},"7":{"start":{"line":8,"column":0},"end":{"line":8,"column":27}},"8":{"start":{"line":9,"column":0},"end":{"line":9,"column":28}},"9":{"start":{"line":10,"column":0},"end":{"line":10,"column":1}},"10":{"start":{"line":11,"column":0},"end":{"line":11,"column":0}},"11":{"start":{"line":12,"column":0},"end":{"line":12,"column":34}},"12":{"start":{"line":13,"column":0},"end":{"line":13,"column":35}},"13":{"start":{"line":14,"column":0},"end":{"line":14,"column":20}},"14":{"start":{"line":15,"column":0},"end":{"line":15,"column":27}},"15":{"start":{"line":16,"column":0},"end":{"line":16,"column":25}},"16":{"start":{"line":17,"column":0},"end":{"line":17,"column":1}},"17":{"start":{"line":18,"column":0},"end":{"line":18,"column":0}},"18":{"start":{"line":19,"column":0},"end":{"line":19,"column":3}},"19":{"start":{"line":20,"column":0},"end":{"line":20,"column":72}},"20":{"start":{"line":21,"column":0},"end":{"line":21,"column":3}},"21":{"start":{"line":22,"column":0},"end":{"line":22,"column":41}},"22":{"start":{"line":23,"column":0},"end":{"line":23,"column":24}},"23":{"start":{"line":24,"column":0},"end":{"line":24,"column":34}},"24":{"start":{"line":25,"column":0},"end":{"line":25,"column":20}},"25":{"start":{"line":26,"column":0},"end":{"line":26,"column":16}},"26":{"start":{"line":27,"column":0},"end":{"line":27,"column":78}},"27":{"start":{"line":28,"column":0},"end":{"line":28,"column":21}},"28":{"start":{"line":29,"column":0},"end":{"line":29,"column":30}},"29":{"start":{"line":30,"column":0},"end":{"line":30,"column":48}},"30":{"start":{"line":31,"column":0},"end":{"line":31,"column":71}},"31":{"start":{"line":32,"column":0},"end":{"line":32,"column":14}},"32":{"start":{"line":33,"column":0},"end":{"line":33,"column":48}},"33":{"start":{"line":34,"column":0},"end":{"line":34,"column":71}},"34":{"start":{"line":35,"column":0},"end":{"line":35,"column":7}},"35":{"start":{"line":36,"column":0},"end":{"line":36,"column":7}},"36":{"start":{"line":37,"column":0},"end":{"line":37,"column":2}},"37":{"start":{"line":38,"column":0},"end":{"line":38,"column":0}},"38":{"start":{"line":39,"column":0},"end":{"line":39,"column":3}},"39":{"start":{"line":40,"column":0},"end":{"line":40,"column":62}},"40":{"start":{"line":41,"column":0},"end":{"line":41,"column":3}},"41":{"start":{"line":42,"column":0},"end":{"line":42,"column":40}},"42":{"start":{"line":43,"column":0},"end":{"line":43,"column":24}},"43":{"start":{"line":44,"column":0},"end":{"line":44,"column":19}},"44":{"start":{"line":45,"column":0},"end":{"line":45,"column":34}},"45":{"start":{"line":46,"column":0},"end":{"line":46,"column":23}},"46":{"start":{"line":47,"column":0},"end":{"line":47,"column":69}},"47":{"start":{"line":48,"column":0},"end":{"line":48,"column":2}},"48":{"start":{"line":49,"column":0},"end":{"line":49,"column":38}},"49":{"start":{"line":50,"column":0},"end":{"line":50,"column":56}},"50":{"start":{"line":51,"column":0},"end":{"line":51,"column":3}},"51":{"start":{"line":52,"column":0},"end":{"line":52,"column":2}},"52":{"start":{"line":53,"column":0},"end":{"line":53,"column":35}},"53":{"start":{"line":54,"column":0},"end":{"line":54,"column":46}},"54":{"start":{"line":55,"column":0},"end":{"line":55,"column":20}},"55":{"start":{"line":56,"column":0},"end":{"line":56,"column":32}},"56":{"start":{"line":57,"column":0},"end":{"line":57,"column":2}},"57":{"start":{"line":58,"column":0},"end":{"line":58,"column":41}},"58":{"start":{"line":59,"column":0},"end":{"line":59,"column":38}},"59":{"start":{"line":60,"column":0},"end":{"line":60,"column":4}},"60":{"start":{"line":61,"column":0},"end":{"line":61,"column":81}},"61":{"start":{"line":62,"column":0},"end":{"line":62,"column":75}},"62":{"start":{"line":63,"column":0},"end":{"line":63,"column":4}},"63":{"start":{"line":64,"column":0},"end":{"line":64,"column":26}},"64":{"start":{"line":65,"column":0},"end":{"line":65,"column":24}},"65":{"start":{"line":66,"column":0},"end":{"line":66,"column":33}},"66":{"start":{"line":67,"column":0},"end":{"line":67,"column":40}},"67":{"start":{"line":68,"column":0},"end":{"line":68,"column":45}},"68":{"start":{"line":69,"column":0},"end":{"line":69,"column":7}},"69":{"start":{"line":70,"column":0},"end":{"line":70,"column":4}},"70":{"start":{"line":71,"column":0},"end":{"line":71,"column":51}},"71":{"start":{"line":72,"column":0},"end":{"line":72,"column":45}},"72":{"start":{"line":73,"column":0},"end":{"line":73,"column":41}},"73":{"start":{"line":74,"column":0},"end":{"line":74,"column":3}},"74":{"start":{"line":75,"column":0},"end":{"line":75,"column":2}},"75":{"start":{"line":76,"column":0},"end":{"line":76,"column":30}},"76":{"start":{"line":77,"column":0},"end":{"line":77,"column":113}},"77":{"start":{"line":78,"column":0},"end":{"line":78,"column":3}},"78":{"start":{"line":79,"column":0},"end":{"line":79,"column":2}},"79":{"start":{"line":80,"column":0},"end":{"line":80,"column":93}},"80":{"start":{"line":81,"column":0},"end":{"line":81,"column":86}},"81":{"start":{"line":82,"column":0},"end":{"line":82,"column":2}},"82":{"start":{"line":83,"column":0},"end":{"line":83,"column":10}},"83":{"start":{"line":84,"column":0},"end":{"line":84,"column":20}},"84":{"start":{"line":85,"column":0},"end":{"line":85,"column":14}},"85":{"start":{"line":86,"column":0},"end":{"line":86,"column":21}},"86":{"start":{"line":87,"column":0},"end":{"line":87,"column":18}},"87":{"start":{"line":88,"column":0},"end":{"line":88,"column":4}},"88":{"start":{"line":89,"column":0},"end":{"line":89,"column":2}},"89":{"start":{"line":90,"column":0},"end":{"line":90,"column":0}},"90":{"start":{"line":91,"column":0},"end":{"line":91,"column":3}},"91":{"start":{"line":92,"column":0},"end":{"line":92,"column":27}},"92":{"start":{"line":93,"column":0},"end":{"line":93,"column":3}},"93":{"start":{"line":94,"column":0},"end":{"line":94,"column":33}},"94":{"start":{"line":95,"column":0},"end":{"line":95,"column":20}},"95":{"start":{"line":96,"column":0},"end":{"line":96,"column":19}},"96":{"start":{"line":97,"column":0},"end":{"line":97,"column":20}},"97":{"start":{"line":98,"column":0},"end":{"line":98,"column":17}},"98":{"start":{"line":99,"column":0},"end":{"line":99,"column":22}},"99":{"start":{"line":100,"column":0},"end":{"line":100,"column":26}},"100":{"start":{"line":101,"column":0},"end":{"line":101,"column":20}},"101":{"start":{"line":102,"column":0},"end":{"line":102,"column":30}},"102":{"start":{"line":103,"column":0},"end":{"line":103,"column":10}},"103":{"start":{"line":104,"column":0},"end":{"line":104,"column":14}},"104":{"start":{"line":105,"column":0},"end":{"line":105,"column":13}},"105":{"start":{"line":106,"column":0},"end":{"line":106,"column":14}},"106":{"start":{"line":107,"column":0},"end":{"line":107,"column":15}},"107":{"start":{"line":108,"column":0},"end":{"line":108,"column":18}},"108":{"start":{"line":109,"column":0},"end":{"line":109,"column":13}},"109":{"start":{"line":110,"column":0},"end":{"line":110,"column":62}},"110":{"start":{"line":111,"column":0},"end":{"line":111,"column":11}},"111":{"start":{"line":112,"column":0},"end":{"line":112,"column":32}},"112":{"start":{"line":113,"column":0},"end":{"line":113,"column":20}},"113":{"start":{"line":114,"column":0},"end":{"line":114,"column":4}},"114":{"start":{"line":115,"column":0},"end":{"line":115,"column":2}},"115":{"start":{"line":116,"column":0},"end":{"line":116,"column":0}},"116":{"start":{"line":117,"column":0},"end":{"line":117,"column":3}},"117":{"start":{"line":118,"column":0},"end":{"line":118,"column":28}},"118":{"start":{"line":119,"column":0},"end":{"line":119,"column":3}},"119":{"start":{"line":120,"column":0},"end":{"line":120,"column":77}},"120":{"start":{"line":121,"column":0},"end":{"line":121,"column":30}},"121":{"start":{"line":122,"column":0},"end":{"line":122,"column":2}},"122":{"start":{"line":123,"column":0},"end":{"line":123,"column":62}},"123":{"start":{"line":124,"column":0},"end":{"line":124,"column":93}},"124":{"start":{"line":125,"column":0},"end":{"line":125,"column":97}},"125":{"start":{"line":126,"column":0},"end":{"line":126,"column":56}},"126":{"start":{"line":127,"column":0},"end":{"line":127,"column":2}},"127":{"start":{"line":128,"column":0},"end":{"line":128,"column":16}},"128":{"start":{"line":129,"column":0},"end":{"line":129,"column":2}},"129":{"start":{"line":130,"column":0},"end":{"line":130,"column":0}},"130":{"start":{"line":131,"column":0},"end":{"line":131,"column":3}},"131":{"start":{"line":132,"column":0},"end":{"line":132,"column":32}},"132":{"start":{"line":133,"column":0},"end":{"line":133,"column":3}},"133":{"start":{"line":134,"column":0},"end":{"line":134,"column":63}},"134":{"start":{"line":135,"column":0},"end":{"line":135,"column":41}},"135":{"start":{"line":136,"column":0},"end":{"line":136,"column":22}},"136":{"start":{"line":137,"column":0},"end":{"line":137,"column":20}},"137":{"start":{"line":138,"column":0},"end":{"line":138,"column":29}},"138":{"start":{"line":139,"column":0},"end":{"line":139,"column":28}},"139":{"start":{"line":140,"column":0},"end":{"line":140,"column":23}},"140":{"start":{"line":141,"column":0},"end":{"line":141,"column":2}},"141":{"start":{"line":142,"column":0},"end":{"line":142,"column":0}},"142":{"start":{"line":143,"column":0},"end":{"line":143,"column":3}},"143":{"start":{"line":144,"column":0},"end":{"line":144,"column":36}},"144":{"start":{"line":145,"column":0},"end":{"line":145,"column":3}},"145":{"start":{"line":146,"column":0},"end":{"line":146,"column":66}},"146":{"start":{"line":147,"column":0},"end":{"line":147,"column":57}},"147":{"start":{"line":148,"column":0},"end":{"line":148,"column":2}},"148":{"start":{"line":149,"column":0},"end":{"line":149,"column":0}},"149":{"start":{"line":150,"column":0},"end":{"line":150,"column":3}},"150":{"start":{"line":151,"column":0},"end":{"line":151,"column":32}},"151":{"start":{"line":152,"column":0},"end":{"line":152,"column":3}},"152":{"start":{"line":153,"column":0},"end":{"line":153,"column":77}},"153":{"start":{"line":154,"column":0},"end":{"line":154,"column":19}},"154":{"start":{"line":155,"column":0},"end":{"line":155,"column":18}},"155":{"start":{"line":156,"column":0},"end":{"line":156,"column":22}},"156":{"start":{"line":157,"column":0},"end":{"line":157,"column":20}},"157":{"start":{"line":158,"column":0},"end":{"line":158,"column":24}},"158":{"start":{"line":159,"column":0},"end":{"line":159,"column":21}},"159":{"start":{"line":160,"column":0},"end":{"line":160,"column":25}},"160":{"start":{"line":161,"column":0},"end":{"line":161,"column":12}},"161":{"start":{"line":162,"column":0},"end":{"line":162,"column":23}},"162":{"start":{"line":163,"column":0},"end":{"line":163,"column":3}},"163":{"start":{"line":164,"column":0},"end":{"line":164,"column":2}},"164":{"start":{"line":165,"column":0},"end":{"line":165,"column":0}},"165":{"start":{"line":166,"column":0},"end":{"line":166,"column":3}},"166":{"start":{"line":167,"column":0},"end":{"line":167,"column":32}},"167":{"start":{"line":168,"column":0},"end":{"line":168,"column":3}},"168":{"start":{"line":169,"column":0},"end":{"line":169,"column":124}},"169":{"start":{"line":170,"column":0},"end":{"line":170,"column":19}},"170":{"start":{"line":171,"column":0},"end":{"line":171,"column":18}},"171":{"start":{"line":172,"column":0},"end":{"line":172,"column":23}},"172":{"start":{"line":173,"column":0},"end":{"line":173,"column":20}},"173":{"start":{"line":174,"column":0},"end":{"line":174,"column":23}},"174":{"start":{"line":175,"column":0},"end":{"line":175,"column":21}},"175":{"start":{"line":176,"column":0},"end":{"line":176,"column":23}},"176":{"start":{"line":177,"column":0},"end":{"line":177,"column":12}},"177":{"start":{"line":178,"column":0},"end":{"line":178,"column":23}},"178":{"start":{"line":179,"column":0},"end":{"line":179,"column":3}},"179":{"start":{"line":180,"column":0},"end":{"line":180,"column":2}}},"s":{"0":1,"1":1,"2":1,"3":1,"4":1,"5":1,"6":1,"7":1,"8":1,"9":1,"10":1,"11":1,"12":1,"13":1,"14":1,"15":1,"16":1,"17":1,"18":1,"19":1,"20":1,"21":1,"22":19,"23":19,"24":19,"25":19,"26":19,"27":19,"28":20,"29":14,"30":14,"31":20,"32":6,"33":6,"34":6,"35":19,"36":19,"37":1,"38":1,"39":1,"40":1,"41":1,"42":11,"43":11,"44":11,"45":11,"46":11,"47":11,"48":11,"49":2,"50":2,"51":9,"52":9,"53":9,"54":9,"55":9,"56":9,"57":11,"58":18,"59":15,"60":15,"61":15,"62":15,"63":15,"64":15,"65":15,"66":15,"67":15,"68":15,"69":15,"70":15,"71":15,"72":15,"73":15,"74":9,"75":11,"76":1,"77":1,"78":8,"79":11,"80":11,"81":11,"82":11,"83":11,"84":11,"85":11,"86":11,"87":11,"88":11,"89":1,"90":1,"91":1,"92":1,"93":1,"94":9,"95":9,"96":9,"97":9,"98":9,"99":9,"100":9,"101":9,"102":9,"103":9,"104":9,"105":9,"106":9,"107":9,"108":9,"109":9,"110":9,"111":9,"112":9,"113":9,"114":9,"115":1,"116":1,"117":1,"118":1,"119":1,"120":13,"121":13,"122":13,"123":13,"124":13,"125":13,"126":13,"127":13,"128":13,"129":1,"130":1,"131":1,"132":1,"133":1,"134":6,"135":6,"136":6,"137":6,"138":6,"139":6,"140":6,"141":1,"142":1,"143":1,"144":1,"145":1,"146":5,"147":5,"148":1,"149":1,"150":1,"151":1,"152":1,"153":4,"154":4,"155":1,"156":4,"157":1,"158":4,"159":1,"160":4,"161":1,"162":4,"163":4,"164":1,"165":1,"166":1,"167":1,"168":1,"169":4,"170":4,"171":1,"172":4,"173":1,"174":4,"175":1,"176":4,"177":1,"178":4,"179":4},"branchMap":{"0":{"type":"branch","line":22,"loc":{"start":{"line":22,"column":40},"end":{"line":37,"column":2}},"locations":[{"start":{"line":22,"column":40},"end":{"line":37,"column":2}}]},"1":{"type":"branch","line":27,"loc":{"start":{"line":27,"column":12},"end":{"line":27,"column":77}},"locations":[{"start":{"line":27,"column":12},"end":{"line":27,"column":77}}]},"2":{"type":"branch","line":27,"loc":{"start":{"line":27,"column":47},"end":{"line":27,"column":77}},"locations":[{"start":{"line":27,"column":47},"end":{"line":27,"column":77}}]},"3":{"type":"branch","line":28,"loc":{"start":{"line":28,"column":10},"end":{"line":36,"column":5}},"locations":[{"start":{"line":28,"column":10},"end":{"line":36,"column":5}}]},"4":{"type":"branch","line":29,"loc":{"start":{"line":29,"column":29},"end":{"line":32,"column":13}},"locations":[{"start":{"line":29,"column":29},"end":{"line":32,"column":13}}]},"5":{"type":"branch","line":31,"loc":{"start":{"line":31,"column":28},"end":{"line":31,"column":45}},"locations":[{"start":{"line":31,"column":28},"end":{"line":31,"column":45}}]},"6":{"type":"branch","line":31,"loc":{"start":{"line":31,"column":57},"end":{"line":31,"column":71}},"locations":[{"start":{"line":31,"column":57},"end":{"line":31,"column":71}}]},"7":{"type":"branch","line":32,"loc":{"start":{"line":32,"column":6},"end":{"line":35,"column":7}},"locations":[{"start":{"line":32,"column":6},"end":{"line":35,"column":7}}]},"8":{"type":"branch","line":34,"loc":{"start":{"line":34,"column":28},"end":{"line":34,"column":45}},"locations":[{"start":{"line":34,"column":28},"end":{"line":34,"column":45}}]},"9":{"type":"branch","line":34,"loc":{"start":{"line":34,"column":57},"end":{"line":34,"column":71}},"locations":[{"start":{"line":34,"column":57},"end":{"line":34,"column":71}}]},"10":{"type":"branch","line":42,"loc":{"start":{"line":42,"column":39},"end":{"line":89,"column":2}},"locations":[{"start":{"line":42,"column":39},"end":{"line":89,"column":2}}]},"11":{"type":"branch","line":49,"loc":{"start":{"line":49,"column":37},"end":{"line":51,"column":3}},"locations":[{"start":{"line":49,"column":37},"end":{"line":51,"column":3}}]},"12":{"type":"branch","line":51,"loc":{"start":{"line":51,"column":2},"end":{"line":58,"column":40}},"locations":[{"start":{"line":51,"column":2},"end":{"line":58,"column":40}}]},"13":{"type":"branch","line":58,"loc":{"start":{"line":58,"column":40},"end":{"line":74,"column":3}},"locations":[{"start":{"line":58,"column":40},"end":{"line":74,"column":3}}]},"14":{"type":"branch","line":59,"loc":{"start":{"line":59,"column":32},"end":{"line":59,"column":38}},"locations":[{"start":{"line":59,"column":32},"end":{"line":59,"column":38}}]},"15":{"type":"branch","line":59,"loc":{"start":{"line":59,"column":32},"end":{"line":74,"column":3}},"locations":[{"start":{"line":59,"column":32},"end":{"line":74,"column":3}}]},"16":{"type":"branch","line":74,"loc":{"start":{"line":74,"column":2},"end":{"line":76,"column":29}},"locations":[{"start":{"line":74,"column":2},"end":{"line":76,"column":29}}]},"17":{"type":"branch","line":76,"loc":{"start":{"line":76,"column":29},"end":{"line":78,"column":3}},"locations":[{"start":{"line":76,"column":29},"end":{"line":78,"column":3}}]},"18":{"type":"branch","line":78,"loc":{"start":{"line":78,"column":2},"end":{"line":80,"column":91}},"locations":[{"start":{"line":78,"column":2},"end":{"line":80,"column":91}}]},"19":{"type":"branch","line":80,"loc":{"start":{"line":80,"column":67},"end":{"line":80,"column":93}},"locations":[{"start":{"line":80,"column":67},"end":{"line":80,"column":93}}]},"20":{"type":"branch","line":81,"loc":{"start":{"line":81,"column":50},"end":{"line":81,"column":83}},"locations":[{"start":{"line":81,"column":50},"end":{"line":81,"column":83}}]},"21":{"type":"branch","line":81,"loc":{"start":{"line":81,"column":73},"end":{"line":81,"column":86}},"locations":[{"start":{"line":81,"column":73},"end":{"line":81,"column":86}}]},"22":{"type":"branch","line":94,"loc":{"start":{"line":94,"column":32},"end":{"line":115,"column":2}},"locations":[{"start":{"line":94,"column":32},"end":{"line":115,"column":2}}]},"23":{"type":"branch","line":120,"loc":{"start":{"line":120,"column":34},"end":{"line":129,"column":2}},"locations":[{"start":{"line":120,"column":34},"end":{"line":129,"column":2}}]},"24":{"type":"branch","line":123,"loc":{"start":{"line":123,"column":24},"end":{"line":123,"column":62}},"locations":[{"start":{"line":123,"column":24},"end":{"line":123,"column":62}}]},"25":{"type":"branch","line":124,"loc":{"start":{"line":124,"column":13},"end":{"line":124,"column":46}},"locations":[{"start":{"line":124,"column":13},"end":{"line":124,"column":46}}]},"26":{"type":"branch","line":124,"loc":{"start":{"line":124,"column":46},"end":{"line":124,"column":93}},"locations":[{"start":{"line":124,"column":46},"end":{"line":124,"column":93}}]},"27":{"type":"branch","line":125,"loc":{"start":{"line":125,"column":13},"end":{"line":125,"column":48}},"locations":[{"start":{"line":125,"column":13},"end":{"line":125,"column":48}}]},"28":{"type":"branch","line":125,"loc":{"start":{"line":125,"column":48},"end":{"line":125,"column":97}},"locations":[{"start":{"line":125,"column":48},"end":{"line":125,"column":97}}]},"29":{"type":"branch","line":126,"loc":{"start":{"line":126,"column":21},"end":{"line":126,"column":56}},"locations":[{"start":{"line":126,"column":21},"end":{"line":126,"column":56}}]},"30":{"type":"branch","line":134,"loc":{"start":{"line":134,"column":31},"end":{"line":141,"column":2}},"locations":[{"start":{"line":134,"column":31},"end":{"line":141,"column":2}}]},"31":{"type":"branch","line":146,"loc":{"start":{"line":146,"column":35},"end":{"line":148,"column":2}},"locations":[{"start":{"line":146,"column":35},"end":{"line":148,"column":2}}]},"32":{"type":"branch","line":153,"loc":{"start":{"line":153,"column":34},"end":{"line":164,"column":2}},"locations":[{"start":{"line":153,"column":34},"end":{"line":164,"column":2}}]},"33":{"type":"branch","line":155,"loc":{"start":{"line":155,"column":4},"end":{"line":156,"column":22}},"locations":[{"start":{"line":155,"column":4},"end":{"line":156,"column":22}}]},"34":{"type":"branch","line":157,"loc":{"start":{"line":157,"column":4},"end":{"line":158,"column":24}},"locations":[{"start":{"line":157,"column":4},"end":{"line":158,"column":24}}]},"35":{"type":"branch","line":159,"loc":{"start":{"line":159,"column":4},"end":{"line":160,"column":25}},"locations":[{"start":{"line":159,"column":4},"end":{"line":160,"column":25}}]},"36":{"type":"branch","line":161,"loc":{"start":{"line":161,"column":4},"end":{"line":162,"column":23}},"locations":[{"start":{"line":161,"column":4},"end":{"line":162,"column":23}}]},"37":{"type":"branch","line":169,"loc":{"start":{"line":169,"column":35},"end":{"line":180,"column":2}},"locations":[{"start":{"line":169,"column":35},"end":{"line":180,"column":2}}]},"38":{"type":"branch","line":171,"loc":{"start":{"line":171,"column":4},"end":{"line":172,"column":23}},"locations":[{"start":{"line":171,"column":4},"end":{"line":172,"column":23}}]},"39":{"type":"branch","line":173,"loc":{"start":{"line":173,"column":4},"end":{"line":174,"column":23}},"locations":[{"start":{"line":173,"column":4},"end":{"line":174,"column":23}}]},"40":{"type":"branch","line":175,"loc":{"start":{"line":175,"column":4},"end":{"line":176,"column":23}},"locations":[{"start":{"line":175,"column":4},"end":{"line":176,"column":23}}]},"41":{"type":"branch","line":177,"loc":{"start":{"line":177,"column":4},"end":{"line":178,"column":23}},"locations":[{"start":{"line":177,"column":4},"end":{"line":178,"column":23}}]}},"b":{"0":[19],"1":[39],"2":[33],"3":[20],"4":[14],"5":[0],"6":[0],"7":[6],"8":[0],"9":[0],"10":[11],"11":[2],"12":[9],"13":[18],"14":[3],"15":[15],"16":[9],"17":[1],"18":[8],"19":[0],"20":[8],"21":[0],"22":[9],"23":[13],"24":[3],"25":[10],"26":[5],"27":[9],"28":[5],"29":[4],"30":[6],"31":[5],"32":[4],"33":[1],"34":[1],"35":[1],"36":[1],"37":[4],"38":[1],"39":[1],"40":[1],"41":[1]},"fnMap":{"0":{"name":"getAvailableStockBatches","decl":{"start":{"line":22,"column":40},"end":{"line":37,"column":2}},"loc":{"start":{"line":22,"column":40},"end":{"line":37,"column":2}},"line":22},"1":{"name":"consumeStockFromBatches","decl":{"start":{"line":42,"column":39},"end":{"line":89,"column":2}},"loc":{"start":{"line":42,"column":39},"end":{"line":89,"column":2}},"line":42},"2":{"name":"createStockBatch","decl":{"start":{"line":94,"column":32},"end":{"line":115,"column":2}},"loc":{"start":{"line":94,"column":32},"end":{"line":115,"column":2}},"line":94},"3":{"name":"validateStockBatch","decl":{"start":{"line":120,"column":34},"end":{"line":129,"column":2}},"loc":{"start":{"line":120,"column":34},"end":{"line":129,"column":2}},"line":120},"4":{"name":"formatCostPrice","decl":{"start":{"line":134,"column":31},"end":{"line":141,"column":2}},"loc":{"start":{"line":134,"column":31},"end":{"line":141,"column":2}},"line":134},"5":{"name":"formatStockQuantity","decl":{"start":{"line":146,"column":35},"end":{"line":148,"column":2}},"loc":{"start":{"line":146,"column":35},"end":{"line":148,"column":2}},"line":146},"6":{"name":"getBatchStatusText","decl":{"start":{"line":153,"column":34},"end":{"line":164,"column":2}},"loc":{"start":{"line":153,"column":34},"end":{"line":164,"column":2}},"line":153},"7":{"name":"getBatchStatusColor","decl":{"start":{"line":169,"column":35},"end":{"line":180,"column":2}},"loc":{"start":{"line":169,"column":35},"end":{"line":180,"column":2}},"line":169}},"f":{"0":19,"1":11,"2":9,"3":13,"4":6,"5":5,"6":4,"7":4}}
}
